Now running D1 = 0.7000000000000001 cm and Pz = 200.0 MeV
[0.1 0.1] 20.829308405
exception: D4 value should be more than 3/2 of diameter of the last quadrupole, otherwise it is too close to the end point of measurement which could cause trouble.
exception: D4 value should be more than 3/2 of diameter of the last quadrupole, otherwise it is too close to the end point of measurement which could cause trouble.
[-0.025  0.1  ] 2.7809057299999997
[-0.025 -0.025] 1.2351455425
[0.025 0.048] 0.9781701876
[0.01373698 0.03717018] 0.377646247156
[0.03582982 0.03673698] 0.8681222425
[0.02635373 0.04659212] 0.9609104125
[0.02359212 0.04664627] 0.8740771548999999
[0.02482402 0.04783078] 0.9646957874
[0.02516922 0.04782402] 0.9759909781
[0.02496396 0.04796534] 0.9754448329
[0.02503466 0.04796396] 0.9777253531249999
[0.025 0.048] 0.9781701876
[0.1 0.1] 20.829308405
[0.24463046 0.1       ] 96.71383046291847
[0.38036954 0.1       ] 221.69814548738407
[0.16073909 0.1       ] 45.499137072500005
[0.10889137 0.1       ] 23.78984897
[0.07684772 0.1       ] 14.167379665000002
[0.05704365 0.1       ] 9.66992909
[0.04480407 0.1       ] 7.444063125000001
[0.03723959 0.1       ] 6.2796960125000005
[0.03256448 0.1       ] 5.640856625
[0.02967511 0.1       ] 5.277030432500001
[0.02788937 0.1       ] 5.0640447425
[0.02678573 0.1       ] 4.93687781
[0.02610364 0.1       ] 4.859859239999999
[0.02568209 0.1       ] 4.8128625725
[0.02542155 0.1       ] 4.7841571699999985
[0.02526053 0.1       ] 4.766653085000001
[0.02516102 0.1       ] 4.755724165
[0.02509952 0.1       ] 4.7489382650000005
[0.0250615 0.1      ] 4.74494528
[0.0250615  0.25884524] 33.774713010000006
[0.0250615  0.38915476] 77.31858284966103
[0.0250615  0.17830952] 15.7556624525
[0.0250615  0.12853571] 8.013532225
[0.0250615  0.09777381] 4.525810525
[0.0250615  0.07876191] 2.865296765
[0.0250615 0.0670119] 2.0283363249999997
[0.0250615 0.05975  ] 1.5834340625000003
[0.0250615 0.0552619] 1.3359622465250003
[0.0250615 0.0524881] 1.193601281225
[0.0250615 0.0507738] 1.109598553125
[0.0250615 0.0497143] 1.059285481525
[0.0250615 0.0490595] 1.0287640746
[0.0250615  0.04865481] 1.0101496626
[0.0250615  0.04840469] 0.9986911917250001
[0.0250615  0.04825011] 0.991619140625
[0.0250615  0.04815458] 0.9872944157250001
[0.0250615  0.04809553] 0.9845723667249999
[0.0250615  0.04805904] 0.9829791910250001
[0.025      0.04801641] 0.978903450725
[0.38036954 0.29432819] 996.6623474256519
[0.24463046 0.20024546] 252.258917097876
[0.16073909 0.14209914] 74.6024605
[0.13360304 0.12329075] 44.82361235250001
[0.09212037 0.09453851] 16.87954505
[0.05832143 0.07111198] 5.53445416
[0.03783672 0.05691373] 2.1309711125
[0.04566118 0.06233698] 3.1801912025
[0.03293353 0.05351526] 1.6129028899999998
[0.02990319 0.05141489] 1.3422026000000002
[0.02803034 0.05011679] 1.1928538025
[0.02687285 0.04931452] 1.107141068225
[0.02615749 0.04881868] 1.056746885625
[0.02571537 0.04851224] 1.0264672036000002
[0.02544212 0.04832285] 1.0080445601
[0.02527325 0.0482058 ] 0.9968625663999999
[0.02516887 0.04813346] 0.9899542834
[0.02510437 0.04808876] 0.985756859225
[0.0250645  0.04806112] 0.983150372525
[0.02503987 0.04804405] 0.981501934225
[0.02502464 0.04803349] 0.9805568492250001
[0.02501523 0.04802697] 0.9799459006250001
[0.02500941 0.04802294] 0.9795219667250001
[0.02500582 0.04802045] 0.979335224225
[0.02500332 0.04801871] 0.9791725731250001
[0.02500332 0.25884524] 33.73915625
[0.02500332 0.38915476] 77.24974925072654
[0.02500332 0.17830952] 15.73828416
[0.02500332 0.12853571] 8.004080824999999
[0.02500332 0.09777381] 4.5196272099999995
[0.02500332 0.07876191] 2.8611464125
[0.02500332 0.0670119 ] 2.0251041625
[0.02500332 0.05975   ] 1.580704241225
[0.02500332 0.0552619 ] 1.3335807154000001
[0.02500332 0.0524881 ] 1.1913565543999998
[0.02500332 0.0507738 ] 1.1074355549
[0.02500332 0.0497143 ] 1.0571800231250001
[0.02500332 0.0490595 ] 1.0266945226000002
[0.02500332 0.04865481] 1.0080971794
[0.02500332 0.04840469] 0.9966452261000001
[0.02500332 0.04825011] 0.9895837500249999
[0.02500332 0.04815458] 0.9852670828999999
[0.02500332 0.04809553] 0.982634139225
[0.02500332 0.04805904] 0.9809558884
[0.38036954 0.29436852] 996.8839309691778
[0.24463046 0.20028579] 252.34808502947317
[0.16073909 0.14213947] 74.63888200000001
[0.13358964 0.1233218 ] 44.83600136
[0.09211209 0.0945731 ] 16.886875625000002
[0.05830527 0.07114111] 5.5360233625
[0.03782534 0.05694617] 2.1324376625
[0.04564798 0.06236815] 3.1818755925
[0.03292649 0.05355071] 1.6146561624999998
[0.02989884 0.0514522 ] 1.3439908025
[0.02802765 0.05015525] 1.19465748
[0.02687119 0.04935369] 1.1089934825
[0.02615646 0.0488583 ] 1.058573660525
[0.02571473 0.04855213] 1.028282333525
[0.02544173 0.04836291] 1.009935808025
[0.025273   0.04824597] 0.9987481384
[0.02516873 0.04817369] 0.991837803125
[0.02510428 0.04812902] 0.987549913125
[0.02506445 0.04810141] 0.9849451961000001
[0.02503983 0.04808435] 0.9833778901
[0.02502462 0.04807381] 0.982345382525
[0.02501521 0.04806729] 0.9817339017250002
[0.0250094  0.04806326] 0.9814001575249999
[0.02500581 0.04806077] 0.981213250625
[0.02500359 0.04805923] 0.9810544666
[0.02500222 0.04805828] 0.980927800025
[0.02500137 0.04805769] 0.9809077384
[0.02500141 0.04805772] 0.9809077384
[0.02500139 0.04805771] 0.9809077384
[0.0250014  0.04805771] 0.9809077384
[0.02500141 0.04805772] 0.9809077384
[0.02500141 0.04805772] 0.9809077384
[0.02500141 0.04805772] 0.9809077384
[0.007, 0.025001410387129462, 0.048057721265369197]
[0.007, 0.025001410387129462, 0.048057721265369197] 0.9809077384
Now about to plot the result...
Now running D1 = 0.7000000000000001 cm and Pz = 210.0 MeV
[0.1 0.1] 16.19568294104308
exception: D4 value should be more than 3/2 of diameter of the last quadrupole, otherwise it is too close to the end point of measurement which could cause trouble.
exception: D4 value should be more than 3/2 of diameter of the last quadrupole, otherwise it is too close to the end point of measurement which could cause trouble.
[-0.025  0.1  ] 2.508126732426304
[-0.025 -0.025] 1.2969793673469387
[0.025 0.048] 0.6304670771201815
[0.01373698 0.03717018] 0.24763617133786847
[0.05625 0.048  ] 1.9582181519274378
[0.025   0.07925] 2.107928149569161
[0.025      0.04409375] 0.5066423616553288
[0.02109375 0.048     ] 0.5585014915192743
[0.025      0.04751172] 0.6143178656689342
[0.02548828 0.048     ] 0.6409830175963719
[0.025   0.04795] 0.628794248548753
[0.02505 0.048  ] 0.6316104571655329
[0.025 0.048] 0.6304670771201815
[0.1 0.1] 16.19568294104308
[0.24463046 0.1       ] 78.19102093377005
[0.38036954 0.1       ] 181.4770293333894
[0.16073909 0.1       ] 36.19029932199547
[0.10889137 0.1       ] 18.57656419501134
[0.07684772 0.1       ] 10.875329419501133
[0.05704365 0.1       ] 7.331893029478458
[0.04480407 0.1       ] 5.606953383219954
[0.03723959 0.1       ] 4.718093541950114
[0.03256448 0.1       ] 4.236649070294784
[0.02967511 0.1       ] 3.964992954648526
[0.02788937 0.1       ] 3.8068976009070292
[0.02678573 0.1       ] 3.713041689342403
[0.02610364 0.1       ] 3.65642481632653
[0.02568209 0.1       ] 3.6220102879818596
[0.02542155 0.1       ] 3.6009105328798188
[0.02526053 0.1       ] 3.5880754943310658
[0.02516102 0.1       ] 3.5800848004535144
[0.02509952 0.1       ] 3.575130997732426
[0.0250615 0.1      ] 3.5721176893424036
[0.0250615  0.25884524] 27.407743310657594
[0.0250615  0.38915476] 63.681122920850875
[0.0250615  0.17830952] 12.526247657596372
[0.0250615  0.12853571] 6.204881099773243
[0.0250615  0.09777381] 3.3971189886621316
[0.0250615  0.07876191] 2.081411727528345
[0.0250615 0.0670119] 1.4286062069160996
[0.0250615 0.05975  ] 1.086480887165533
[0.0250615 0.0552619] 0.898360818956916
[0.0250615 0.0524881] 0.791034573786848
[0.0250615 0.0507738] 0.728118578888889
[0.0250615 0.0497143] 0.6905311643764173
[0.0250615 0.0490595] 0.6678044807256236
[0.0250615  0.04865481] 0.6539422640362812
[0.0250615  0.04840469] 0.645458075941043
[0.0250615  0.04825011] 0.6402302694784581
[0.0250615  0.04815458] 0.6370220549886622
[0.0250615  0.04809553] 0.635026126893424
[0.0250615  0.04805904] 0.6338218989569161
[0.025      0.04801641] 0.6310219983900227
[0.38036954 0.29432819] 819.839868463953
[0.24463046 0.20024546] 205.54502649788634
[0.16073909 0.14209914] 59.8301247165533
[0.13428389 0.12376266] 36.093954671201814
[0.09254116 0.09483017] 13.187638814058957
[0.05971576 0.07207841] 4.296092997732426
[0.03978387 0.05826333] 1.631087222222222
[0.04739718 0.06354022] 2.4503858979591833
[0.03413694 0.05434936] 1.163444716553288
[0.03064694 0.05193039] 0.9289488939002268
[0.02849    0.05043538] 0.803630116213152
[0.02715694 0.04951142] 0.7334202703854875
[0.02633306 0.04894038] 0.6926791451473923
[0.02582388 0.04858746] 0.6685776466213152
[0.02550918 0.04836934] 0.6540003110204081
[0.02531469 0.04823453] 0.6451023029705214
[0.02519449 0.04815122] 0.6397617724263038
[0.0251202  0.04809973] 0.6363793445804988
[0.02507429 0.04806791] 0.634378796734694
[0.02504591 0.04804824] 0.6330832538775509
[0.02502838 0.04803608] 0.6323165264399093
[0.02501754 0.04802857] 0.6318640504535147
[0.02501084 0.04802393] 0.6315481802494332
[0.0250067  0.04802106] 0.6313424441950113
[0.02500414 0.04801928] 0.6312276553514738
[0.02500414 0.25884524] 27.383377607709754
[0.02500414 0.38915476] 63.624553997487
[0.02500414 0.17830952] 12.51317290249433
[0.02500414 0.12853571] 6.197774009070295
[0.02500414 0.09777381] 3.392633916099773
[0.02500414 0.07876191] 2.078433295351474
[0.02500414 0.0670119 ] 1.426414435941043
[0.02500414 0.05975   ] 1.0846094054648527
[0.02500414 0.0552619 ] 0.8967640334693877
[0.02500414 0.0524881 ] 0.7895491829705216
[0.02500414 0.0507738 ] 0.7266957997505669
[0.02500414 0.0497143 ] 0.6892279731519275
[0.02500414 0.0490595 ] 0.6665252653061224
[0.02500414 0.04865481] 0.6526787741723357
[0.02500414 0.04840469] 0.6441979302494332
[0.02500414 0.04825011] 0.6389800240589568
[0.02500414 0.04815458] 0.6357773394331065
[0.02500414 0.04809553] 0.633780943877551
[0.02500414 0.04805904] 0.6325803110204081
[0.38036954 0.29436795] 820.0312973671889
[0.24463046 0.20028522] 205.61092959961962
[0.16073909 0.1421389 ] 59.855446938775515
[0.13427566 0.12379672] 36.105120446712014
[0.09253607 0.0948664 ] 13.194315022675738
[0.05970702 0.07211211] 4.298813907029478
[0.03977225 0.05829504] 1.6323284648526077
[0.04738666 0.06357269] 2.4519981609977326
[0.03412976 0.05438414] 1.1647966077097505
[0.0306425  0.05196707] 0.9304017910204081
[0.02848726 0.05047324] 0.8050231863038548
[0.02715524 0.04955   ] 0.7347722334693877
[0.02633201 0.04897941] 0.6940781021315192
[0.02582323 0.04862677] 0.6698878398185941
[0.02550878 0.04840882] 0.6552989625623583
[0.02531445 0.04827412] 0.64646710723356
[0.02519434 0.04819087] 0.6410487833106576
[0.02512011 0.04813942] 0.6377350385487528
[0.02507423 0.04810762] 0.6356627914058957
[0.02504588 0.04808797] 0.6344354790022675
[0.02502835 0.04807583] 0.6335984190702947
[0.02501752 0.04806832] 0.6331478748526077
[0.02501083 0.04806368] 0.6328292880725623
[0.02500669 0.04806081] 0.6326952218594104
[0.02500414 0.04805904] 0.6325803110204081
[0.02500256 0.04805795] 0.6324845359637189
[0.02500158 0.04805727] 0.632470198276644
[0.02500166 0.04805732] 0.632470198276644
[0.02500162 0.0480573 ] 0.632470198276644
[0.02500164 0.04805731] 0.632470198276644
[0.02500164 0.04805731] 0.632470198276644
[0.02500165 0.04805732] 0.632470198276644
[0.02500165 0.04805732] 0.632470198276644
[0.02500166 0.04805732] 0.632470198276644
[0.007, 0.02500165615941603, 0.048057322174570746]
[0.007, 0.02500165615941603, 0.048057322174570746] 0.632470198276644
Now about to plot the result...
Now running D1 = 0.7000000000000001 cm and Pz = 220.0 MeV
[0.1 0.1] 12.63138201859504
exception: D4 value should be more than 3/2 of diameter of the last quadrupole, otherwise it is too close to the end point of measurement which could cause trouble.
exception: D4 value should be more than 3/2 of diameter of the last quadrupole, otherwise it is too close to the end point of measurement which could cause trouble.
[-0.025  0.1  ] 2.3048044999999995
[-0.025 -0.025] 1.3520980371900826
[0.025 0.048] 0.40016219679752074
[0.01373698 0.03717018] 0.1802815743801653
[0.05625 0.048  ] 1.3330708801652893
[0.025   0.07925] 1.5357953078512394
[0.025      0.04409375] 0.31022986082644627
[0.02109375 0.048     ] 0.3637183950349173
[0.025      0.04751172] 0.3882930420661157
[0.02548828 0.048     ] 0.4059877968801653
[0.025   0.04795] 0.39890848768595033
[0.02505 0.048  ] 0.4007323393595042
[0.025 0.048] 0.40016219679752074
[0.1 0.1] 12.63138201859504
[0.24463046 0.1       ] 63.636818537208484
[0.38036954 0.1       ] 149.66166611660304
[0.16073909 0.1       ] 28.9413779214876
[0.10889137 0.1       ] 14.55696837190083
[0.07684772 0.1       ] 8.361953099173554
[0.05704365 0.1       ] 5.562538347107438
[0.04480407 0.1       ] 4.225812481404958
[0.03723959 0.1       ] 3.549546913223141
[0.03256448 0.1       ] 3.189269530991736
[0.02967511 0.1       ] 2.988245621900826
[0.02788937 0.1       ] 2.872449729338843
[0.02678573 0.1       ] 2.8042608698347107
[0.02610364 0.1       ] 2.763206967128099
[0.02568209 0.1       ] 2.738217869028926
[0.02542155 0.1       ] 2.7230737915082646
[0.02526053 0.1       ] 2.7137541442355375
[0.02516102 0.1       ] 2.7080652948140496
[0.02509952 0.1       ] 2.7044750552892562
[0.0250615 0.1      ] 2.7022288208471075
[0.0250615  0.25884524] 22.43399710950413
[0.0250615  0.38915476] 52.91556416537061
[0.0250615  0.17830952] 10.038097745867768
[0.0250615  0.12853571] 4.8366694731404944
[0.0250615  0.09777381] 2.561762481735537
[0.0250615  0.07876191] 1.5145650583677683
[0.0250615 0.0670119] 1.0044400503305786
[0.0250615 0.05975  ] 0.7415304580371901
[0.0250615 0.0552619] 0.599037541838843
[0.0250615 0.0524881] 0.5186260915082643
[0.0250615 0.0507738] 0.4718275438223141
[0.0250615 0.0497143] 0.444046664483471
[0.0250615 0.0490595] 0.427317624483471
[0.0250615  0.04865481] 0.41711726446280994
[0.0250615  0.04840469] 0.41085446694214883
[0.0250615  0.04825011] 0.4070435663016529
[0.0250615  0.04815458] 0.40469396247933886
[0.0250615  0.04809553] 0.4031950955578512
[0.0250615  0.04805904] 0.40235011082644634
[0.025      0.04801641] 0.4005229695247933
[0.38036954 0.29432819] 679.5000939223908
[0.24463046 0.20024546] 168.6641798662189
[0.16073909 0.14209914] 48.270316537190084
[0.13499548 0.12425587] 29.249877721074377
[0.09298094 0.09513499] 10.341031539256196
[0.06118984 0.07310012] 3.349080661157025
[0.0418161 0.0596719] 1.2517949607438017
[0.02670538 0.04919844] 0.4528327810123967
[0.03247716 0.05319894] 0.6837096471280991
[0.02891    0.05072649] 0.5309463491735537
[0.02754747 0.0497821 ] 0.4812737971900827
[0.02605398 0.04874694] 0.43201481950413223
[0.0256514  0.04846791] 0.4196958388429753
[0.02540259 0.04829545] 0.4122623985330579
[0.02524881 0.04818887] 0.407737694214876
[0.02515377 0.048123  ] 0.40496635663223146
[0.02509504 0.04808229] 0.403315951838843
[0.02505874 0.04805713] 0.40227454092975207
[0.0250363  0.04804158] 0.40161514123966946
[0.02502244 0.04803196] 0.401239301322314
[0.02501387 0.04802603] 0.40095682935950416
[0.02500857 0.04802235] 0.4008084756404958
[0.0250053  0.04802009] 0.40072990415289256
[0.0250028  0.04801835] 0.40065466330578514
[0.0250028  0.25884524] 22.409926851239668
[0.0250028  0.38915476] 52.86818213333706
[0.0250028  0.17830952] 10.027463557851238
[0.0250028  0.12853571] 4.831133663223142
[0.0250028  0.09777381] 2.558527829359504
[0.0250028  0.07876191] 1.5125243904958676
[0.0250028 0.0670119] 1.003025645123967
[0.0250028 0.05975  ] 0.7404409921694214
[0.0250028 0.0552619] 0.5980864414049586
[0.0250028 0.0524881] 0.5177584297520661
[0.0250028 0.0507738] 0.4710714459504133
[0.0250028 0.0497143] 0.44332067148760335
[0.0250028 0.0490595] 0.42655158902892565
[0.0250028  0.04865481] 0.4164211456404958
[0.0250028  0.04840469] 0.4101625880371901
[0.0250028  0.04825011] 0.406357944214876
[0.0250028  0.04815458] 0.4039552228099173
[0.0250028  0.04809553] 0.40251238861570254
[0.0250028  0.04805904] 0.40167056
[0.38036954 0.29436888] 679.6664744414879
[0.24463046 0.20028615] 168.72118194893505
[0.16073909 0.14213983] 48.29164248140495
[0.13498648 0.12429033] 29.259102737603307
[0.09297538 0.09517183] 10.346471016528923
[0.06117888 0.07313321] 3.3509171177685952
[0.04180254 0.05970319] 1.2527081508264464
Now running D1 = 0.7000000000000001 cm and Pz = 200.0 MeV
[0.1 0.1] 20.829308405
exception: D4 value should be more than 3/2 of diameter of the last quadrupole, otherwise it is too close to the end point of measurement which could cause trouble.
exception: D4 value should be more than 3/2 of diameter of the last quadrupole, otherwise it is too close to the end point of measurement which could cause trouble.
[-0.025  0.1  ] 2.7809057299999997
[-0.025 -0.025] 1.2351455425
[0.025 0.048] 0.9781701876
[0.01373698 0.03717018] 0.377646247156
[0.03582982 0.03673698] 0.8681222425
[0.02635373 0.04659212] 0.9609104125
[0.02359212 0.04664627] 0.8740771548999999
[0.02482402 0.04783078] 0.9646957874
[0.02516922 0.04782402] 0.9759909781
[0.02496396 0.04796534] 0.9754448329
[0.02503466 0.04796396] 0.9777253531249999
[0.025 0.048] 0.9781701876
[0.1 0.1] 20.829308405
[0.24463046 0.1       ] 96.71383046291847
[0.38036954 0.1       ] 221.69814548738407
[0.16073909 0.1       ] 45.499137072500005
[0.10889137 0.1       ] 23.78984897
[0.07684772 0.1       ] 14.167379665000002
[0.05704365 0.1       ] 9.66992909
[0.04480407 0.1       ] 7.444063125000001
[0.03723959 0.1       ] 6.2796960125000005
[0.03256448 0.1       ] 5.640856625
[0.02967511 0.1       ] 5.277030432500001
[0.02788937 0.1       ] 5.0640447425
[0.02678573 0.1       ] 4.93687781
[0.02610364 0.1       ] 4.859859239999999
[0.02568209 0.1       ] 4.8128625725
[0.02542155 0.1       ] 4.7841571699999985
[0.02526053 0.1       ] 4.766653085000001
[0.02516102 0.1       ] 4.755724165
[0.02509952 0.1       ] 4.7489382650000005
[0.0250615 0.1      ] 4.74494528
[0.0250615  0.25884524] 33.774713010000006
[0.0250615  0.38915476] 77.31858284966103
[0.0250615  0.17830952] 15.7556624525
[0.0250615  0.12853571] 8.013532225
[0.0250615  0.09777381] 4.525810525
[0.0250615  0.07876191] 2.865296765
[0.0250615 0.0670119] 2.0283363249999997
[0.0250615 0.05975  ] 1.5834340625000003
[0.0250615 0.0552619] 1.3359622465250003
[0.0250615 0.0524881] 1.193601281225
[0.0250615 0.0507738] 1.109598553125
[0.0250615 0.0497143] 1.059285481525
[0.0250615 0.0490595] 1.0287640746
[0.0250615  0.04865481] 1.0101496626
[0.0250615  0.04840469] 0.9986911917250001
[0.0250615  0.04825011] 0.991619140625
[0.0250615  0.04815458] 0.9872944157250001
[0.0250615  0.04809553] 0.9845723667249999
[0.0250615  0.04805904] 0.9829791910250001
[0.025      0.04801641] 0.978903450725
[0.38036954 0.29432819] 996.6623474256519
[0.24463046 0.20024546] 252.258917097876
[0.16073909 0.14209914] 74.6024605
[0.13360304 0.12329075] 44.82361235250001
[0.09212037 0.09453851] 16.87954505
[0.05832143 0.07111198] 5.53445416
[0.03783672 0.05691373] 2.1309711125
[0.04566118 0.06233698] 3.1801912025
[0.03293353 0.05351526] 1.6129028899999998
[0.02990319 0.05141489] 1.3422026000000002
[0.02803034 0.05011679] 1.1928538025
[0.02687285 0.04931452] 1.107141068225
[0.02615749 0.04881868] 1.056746885625
[0.02571537 0.04851224] 1.0264672036000002
[0.02544212 0.04832285] 1.0080445601
[0.02527325 0.0482058 ] 0.9968625663999999
[0.02516887 0.04813346] 0.9899542834
[0.02510437 0.04808876] 0.985756859225
[0.0250645  0.04806112] 0.983150372525
[0.02503987 0.04804405] 0.981501934225
[0.02502464 0.04803349] 0.9805568492250001
[0.02501523 0.04802697] 0.9799459006250001
[0.02500941 0.04802294] 0.9795219667250001
[0.02500582 0.04802045] 0.979335224225
[0.02500332 0.04801871] 0.9791725731250001
[0.02500332 0.25884524] 33.73915625
[0.02500332 0.38915476] 77.24974925072654
[0.02500332 0.17830952] 15.73828416
[0.02500332 0.12853571] 8.004080824999999
[0.02500332 0.09777381] 4.5196272099999995
[0.02500332 0.07876191] 2.8611464125
[0.02500332 0.0670119 ] 2.0251041625
[0.02500332 0.05975   ] 1.580704241225
[0.02500332 0.0552619 ] 1.3335807154000001
[0.02500332 0.0524881 ] 1.1913565543999998
[0.02500332 0.0507738 ] 1.1074355549
[0.02500332 0.0497143 ] 1.0571800231250001
[0.02500332 0.0490595 ] 1.0266945226000002
[0.02500332 0.04865481] 1.0080971794
[0.02500332 0.04840469] 0.9966452261000001
[0.02500332 0.04825011] 0.9895837500249999
[0.02500332 0.04815458] 0.9852670828999999
[0.02500332 0.04809553] 0.982634139225
[0.02500332 0.04805904] 0.9809558884
[0.38036954 0.29436852] 996.8839309691778
[0.24463046 0.20028579] 252.34808502947317
[0.16073909 0.14213947] 74.63888200000001
[0.13358964 0.1233218 ] 44.83600136
[0.09211209 0.0945731 ] 16.886875625000002
[0.05830527 0.07114111] 5.5360233625
[0.03782534 0.05694617] 2.1324376625
[0.04564798 0.06236815] 3.1818755925
[0.03292649 0.05355071] 1.6146561624999998
[0.02989884 0.0514522 ] 1.3439908025
[0.02802765 0.05015525] 1.19465748
[0.02687119 0.04935369] 1.1089934825
[0.02615646 0.0488583 ] 1.058573660525
[0.02571473 0.04855213] 1.028282333525
[0.02544173 0.04836291] 1.009935808025
[0.025273   0.04824597] 0.9987481384
[0.02516873 0.04817369] 0.991837803125
[0.02510428 0.04812902] 0.987549913125
[0.02506445 0.04810141] 0.9849451961000001
[0.02503983 0.04808435] 0.9833778901
[0.02502462 0.04807381] 0.982345382525
[0.02501521 0.04806729] 0.9817339017250002
[0.0250094  0.04806326] 0.9814001575249999
[0.02500581 0.04806077] 0.981213250625
[0.02500359 0.04805923] 0.9810544666
[0.02500222 0.04805828] 0.980927800025
[0.02500137 0.04805769] 0.9809077384
[0.02500141 0.04805772] 0.9809077384
[0.02500139 0.04805771] 0.9809077384
[0.0250014  0.04805771] 0.9809077384
[0.02500141 0.04805772] 0.9809077384
[0.02500141 0.04805772] 0.9809077384
[0.02500141 0.04805772] 0.9809077384
[0.007, 0.025001410387129462, 0.048057721265369197]
[0.007, 0.025001410387129462, 0.048057721265369197] 0.9809077384
Now about to plot the result...
Now running D1 = 0.7000000000000001 cm and Pz = 200.0 MeV
[0.1 0.1] 20.829308405
exception: D4 value should be more than 3/2 of diameter of the last quadrupole, otherwise it is too close to the end point of measurement which could cause trouble.
exception: D4 value should be more than 3/2 of diameter of the last quadrupole, otherwise it is too close to the end point of measurement which could cause trouble.
[-0.025  0.1  ] 2.7809057299999997
[-0.025 -0.025] 1.2351455425
[0.025 0.048] 0.9781701876
[0.01373698 0.03717018] 0.377646247156
[0.03582982 0.03673698] 0.8681222425
[0.02635373 0.04659212] 0.9609104125
[0.02359212 0.04664627] 0.8740771548999999
[0.02482402 0.04783078] 0.9646957874
[0.02516922 0.04782402] 0.9759909781
[0.02496396 0.04796534] 0.9754448329
[0.02503466 0.04796396] 0.9777253531249999
[0.025 0.048] 0.9781701876
[0.1 0.1] 20.829308405
[0.24463046 0.1       ] 96.71383046291847
[0.38036954 0.1       ] 221.69814548738407
[0.16073909 0.1       ] 45.499137072500005
[0.10889137 0.1       ] 23.78984897
[0.07684772 0.1       ] 14.167379665000002
[0.05704365 0.1       ] 9.66992909
[0.04480407 0.1       ] 7.444063125000001
[0.03723959 0.1       ] 6.2796960125000005
[0.03256448 0.1       ] 5.640856625
[0.02967511 0.1       ] 5.277030432500001
[0.02788937 0.1       ] 5.0640447425
[0.02678573 0.1       ] 4.93687781
[0.02610364 0.1       ] 4.859859239999999
[0.02568209 0.1       ] 4.8128625725
[0.02542155 0.1       ] 4.7841571699999985
[0.02526053 0.1       ] 4.766653085000001
[0.02516102 0.1       ] 4.755724165
[0.02509952 0.1       ] 4.7489382650000005
[0.0250615 0.1      ] 4.74494528
[0.0250615  0.25884524] 33.774713010000006
[0.0250615  0.38915476] 77.31858284966103
[0.0250615  0.17830952] 15.7556624525
[0.0250615  0.12853571] 8.013532225
[0.0250615  0.09777381] 4.525810525
[0.0250615  0.07876191] 2.865296765
[0.0250615 0.0670119] 2.0283363249999997
[0.0250615 0.05975  ] 1.5834340625000003
[0.0250615 0.0552619] 1.3359622465250003
[0.0250615 0.0524881] 1.193601281225
[0.0250615 0.0507738] 1.109598553125
[0.0250615 0.0497143] 1.059285481525
[0.0250615 0.0490595] 1.0287640746
[0.0250615  0.04865481] 1.0101496626
[0.0250615  0.04840469] 0.9986911917250001
[0.0250615  0.04825011] 0.991619140625
[0.0250615  0.04815458] 0.9872944157250001
[0.0250615  0.04809553] 0.9845723667249999
[0.0250615  0.04805904] 0.9829791910250001
[0.025      0.04801641] 0.978903450725
[0.38036954 0.29432819] 996.6623474256519
[0.24463046 0.20024546] 252.258917097876
[0.16073909 0.14209914] 74.6024605
[0.13360304 0.12329075] 44.82361235250001
[0.09212037 0.09453851] 16.87954505
[0.05832143 0.07111198] 5.53445416
[0.03783672 0.05691373] 2.1309711125
[0.04566118 0.06233698] 3.1801912025
[0.03293353 0.05351526] 1.6129028899999998
[0.02990319 0.05141489] 1.3422026000000002
[0.02803034 0.05011679] 1.1928538025
[0.02687285 0.04931452] 1.107141068225
[0.02615749 0.04881868] 1.056746885625
[0.02571537 0.04851224] 1.0264672036000002
[0.02544212 0.04832285] 1.0080445601
[0.02527325 0.0482058 ] 0.9968625663999999
[0.02516887 0.04813346] 0.9899542834
[0.02510437 0.04808876] 0.985756859225
[0.0250645  0.04806112] 0.983150372525
[0.02503987 0.04804405] 0.981501934225
[0.02502464 0.04803349] 0.9805568492250001
[0.02501523 0.04802697] 0.9799459006250001
[0.02500941 0.04802294] 0.9795219667250001
[0.02500582 0.04802045] 0.979335224225
[0.02500332 0.04801871] 0.9791725731250001
[0.02500332 0.25884524] 33.73915625
[0.02500332 0.38915476] 77.24974925072654
[0.02500332 0.17830952] 15.73828416
[0.02500332 0.12853571] 8.004080824999999
[0.02500332 0.09777381] 4.5196272099999995
[0.02500332 0.07876191] 2.8611464125
[0.02500332 0.0670119 ] 2.0251041625
[0.02500332 0.05975   ] 1.580704241225
[0.02500332 0.0552619 ] 1.3335807154000001
[0.02500332 0.0524881 ] 1.1913565543999998
[0.02500332 0.0507738 ] 1.1074355549
[0.02500332 0.0497143 ] 1.0571800231250001
[0.02500332 0.0490595 ] 1.0266945226000002
[0.02500332 0.04865481] 1.0080971794
[0.02500332 0.04840469] 0.9966452261000001
[0.02500332 0.04825011] 0.9895837500249999
[0.02500332 0.04815458] 0.9852670828999999
[0.02500332 0.04809553] 0.982634139225
[0.02500332 0.04805904] 0.9809558884
[0.38036954 0.29436852] 996.8839309691778
[0.24463046 0.20028579] 252.34808502947317
[0.16073909 0.14213947] 74.63888200000001
[0.13358964 0.1233218 ] 44.83600136
[0.09211209 0.0945731 ] 16.886875625000002
[0.05830527 0.07114111] 5.5360233625
[0.03782534 0.05694617] 2.1324376625
[0.04564798 0.06236815] 3.1818755925
[0.03292649 0.05355071] 1.6146561624999998
[0.02989884 0.0514522 ] 1.3439908025
[0.02802765 0.05015525] 1.19465748
[0.02687119 0.04935369] 1.1089934825
[0.02615646 0.0488583 ] 1.058573660525
[0.02571473 0.04855213] 1.028282333525
[0.02544173 0.04836291] 1.009935808025
[0.025273   0.04824597] 0.9987481384
[0.02516873 0.04817369] 0.991837803125
[0.02510428 0.04812902] 0.987549913125
[0.02506445 0.04810141] 0.9849451961000001
[0.02503983 0.04808435] 0.9833778901
[0.02502462 0.04807381] 0.982345382525
[0.02501521 0.04806729] 0.9817339017250002
[0.0250094  0.04806326] 0.9814001575249999
[0.02500581 0.04806077] 0.981213250625
[0.02500359 0.04805923] 0.9810544666
[0.02500222 0.04805828] 0.980927800025
[0.02500137 0.04805769] 0.9809077384
[0.02500141 0.04805772] 0.9809077384
[0.02500139 0.04805771] 0.9809077384
[0.0250014  0.04805771] 0.9809077384
[0.02500141 0.04805772] 0.9809077384
[0.02500141 0.04805772] 0.9809077384
[0.02500141 0.04805772] 0.9809077384
[0.007, 0.025001410387129462, 0.048057721265369197]
[0.007, 0.025001410387129462, 0.048057721265369197] 0.9809077384
Now about to plot the result...
Now running D1 = 0.7000000000000001 cm and Pz = 210.0 MeV
[0.1 0.1] 16.19568294104308
exception: D4 value should be more than 3/2 of diameter of the last quadrupole, otherwise it is too close to the end point of measurement which could cause trouble.
exception: D4 value should be more than 3/2 of diameter of the last quadrupole, otherwise it is too close to the end point of measurement which could cause trouble.
[-0.025  0.1  ] 2.508126732426304
[-0.025 -0.025] 1.2969793673469387
[0.025 0.048] 0.6304670771201815
[0.01373698 0.03717018] 0.24763617133786847
[0.05625 0.048  ] 1.9582181519274378
[0.025   0.07925] 2.107928149569161
[0.025      0.04409375] 0.5066423616553288
[0.02109375 0.048     ] 0.5585014915192743
[0.025      0.04751172] 0.6143178656689342
[0.02548828 0.048     ] 0.6409830175963719
[0.025   0.04795] 0.628794248548753
[0.02505 0.048  ] 0.6316104571655329
[0.025 0.048] 0.6304670771201815
[0.1 0.1] 16.19568294104308
[0.24463046 0.1       ] 78.19102093377005
[0.38036954 0.1       ] 181.4770293333894
[0.16073909 0.1       ] 36.19029932199547
[0.10889137 0.1       ] 18.57656419501134
[0.07684772 0.1       ] 10.875329419501133
[0.05704365 0.1       ] 7.331893029478458
[0.04480407 0.1       ] 5.606953383219954
[0.03723959 0.1       ] 4.718093541950114
[0.03256448 0.1       ] 4.236649070294784
[0.02967511 0.1       ] 3.964992954648526
[0.02788937 0.1       ] 3.8068976009070292
[0.02678573 0.1       ] 3.713041689342403
[0.02610364 0.1       ] 3.65642481632653
[0.02568209 0.1       ] 3.6220102879818596
[0.02542155 0.1       ] 3.6009105328798188
[0.02526053 0.1       ] 3.5880754943310658
[0.02516102 0.1       ] 3.5800848004535144
[0.02509952 0.1       ] 3.575130997732426
[0.0250615 0.1      ] 3.5721176893424036
[0.0250615  0.25884524] 27.407743310657594
[0.0250615  0.38915476] 63.681122920850875
[0.0250615  0.17830952] 12.526247657596372
[0.0250615  0.12853571] 6.204881099773243
[0.0250615  0.09777381] 3.3971189886621316
[0.0250615  0.07876191] 2.081411727528345
[0.0250615 0.0670119] 1.4286062069160996
[0.0250615 0.05975  ] 1.086480887165533
[0.0250615 0.0552619] 0.898360818956916
[0.0250615 0.0524881] 0.791034573786848
[0.0250615 0.0507738] 0.728118578888889
[0.0250615 0.0497143] 0.6905311643764173
[0.0250615 0.0490595] 0.6678044807256236
[0.0250615  0.04865481] 0.6539422640362812
[0.0250615  0.04840469] 0.645458075941043
[0.0250615  0.04825011] 0.6402302694784581
[0.0250615  0.04815458] 0.6370220549886622
[0.0250615  0.04809553] 0.635026126893424
[0.0250615  0.04805904] 0.6338218989569161
[0.025      0.04801641] 0.6310219983900227
[0.38036954 0.29432819] 819.839868463953
[0.24463046 0.20024546] 205.54502649788634
[0.16073909 0.14209914] 59.8301247165533
[0.13428389 0.12376266] 36.093954671201814
[0.09254116 0.09483017] 13.187638814058957
[0.05971576 0.07207841] 4.296092997732426
[0.03978387 0.05826333] 1.631087222222222
[0.04739718 0.06354022] 2.4503858979591833
[0.03413694 0.05434936] 1.163444716553288
[0.03064694 0.05193039] 0.9289488939002268
[0.02849    0.05043538] 0.803630116213152
[0.02715694 0.04951142] 0.7334202703854875
[0.02633306 0.04894038] 0.6926791451473923
[0.02582388 0.04858746] 0.6685776466213152
[0.02550918 0.04836934] 0.6540003110204081
[0.02531469 0.04823453] 0.6451023029705214
[0.02519449 0.04815122] 0.6397617724263038
[0.0251202  0.04809973] 0.6363793445804988
[0.02507429 0.04806791] 0.634378796734694
[0.02504591 0.04804824] 0.6330832538775509
[0.02502838 0.04803608] 0.6323165264399093
[0.02501754 0.04802857] 0.6318640504535147
[0.02501084 0.04802393] 0.6315481802494332
[0.0250067  0.04802106] 0.6313424441950113
[0.02500414 0.04801928] 0.6312276553514738
[0.02500414 0.25884524] 27.383377607709754
[0.02500414 0.38915476] 63.624553997487
[0.02500414 0.17830952] 12.51317290249433
[0.02500414 0.12853571] 6.197774009070295
[0.02500414 0.09777381] 3.392633916099773
[0.02500414 0.07876191] 2.078433295351474
[0.02500414 0.0670119 ] 1.426414435941043
[0.02500414 0.05975   ] 1.0846094054648527
[0.02500414 0.0552619 ] 0.8967640334693877
[0.02500414 0.0524881 ] 0.7895491829705216
[0.02500414 0.0507738 ] 0.7266957997505669
[0.02500414 0.0497143 ] 0.6892279731519275
[0.02500414 0.0490595 ] 0.6665252653061224
[0.02500414 0.04865481] 0.6526787741723357
[0.02500414 0.04840469] 0.6441979302494332
[0.02500414 0.04825011] 0.6389800240589568
[0.02500414 0.04815458] 0.6357773394331065
[0.02500414 0.04809553] 0.633780943877551
[0.02500414 0.04805904] 0.6325803110204081
[0.38036954 0.29436795] 820.0312973671889
[0.24463046 0.20028522] 205.61092959961962
[0.16073909 0.1421389 ] 59.855446938775515
[0.13427566 0.12379672] 36.105120446712014
[0.09253607 0.0948664 ] 13.194315022675738
[0.05970702 0.07211211] 4.298813907029478
[0.03977225 0.05829504] 1.6323284648526077
[0.04738666 0.06357269] 2.4519981609977326
[0.03412976 0.05438414] 1.1647966077097505
[0.0306425  0.05196707] 0.9304017910204081
[0.02848726 0.05047324] 0.8050231863038548
[0.02715524 0.04955   ] 0.7347722334693877
[0.02633201 0.04897941] 0.6940781021315192
[0.02582323 0.04862677] 0.6698878398185941
[0.02550878 0.04840882] 0.6552989625623583
[0.02531445 0.04827412] 0.64646710723356
[0.02519434 0.04819087] 0.6410487833106576
[0.02512011 0.04813942] 0.6377350385487528
[0.02507423 0.04810762] 0.6356627914058957
[0.02504588 0.04808797] 0.6344354790022675
[0.02502835 0.04807583] 0.6335984190702947
[0.02501752 0.04806832] 0.6331478748526077
[0.02501083 0.04806368] 0.6328292880725623
[0.02500669 0.04806081] 0.6326952218594104
[0.02500414 0.04805904] 0.6325803110204081
[0.02500256 0.04805795] 0.6324845359637189
[0.02500158 0.04805727] 0.632470198276644
[0.02500166 0.04805732] 0.632470198276644
[0.02500162 0.0480573 ] 0.632470198276644
[0.02500164 0.04805731] 0.632470198276644
[0.02500164 0.04805731] 0.632470198276644
[0.02500165 0.04805732] 0.632470198276644
[0.02500165 0.04805732] 0.632470198276644
[0.02500166 0.04805732] 0.632470198276644
[0.007, 0.02500165615941603, 0.048057322174570746]
[0.007, 0.02500165615941603, 0.048057322174570746] 0.632470198276644
Now about to plot the result...
Now running D1 = 0.7000000000000001 cm and Pz = 220.0 MeV
[0.1 0.1] 12.63138201859504
exception: D4 value should be more than 3/2 of diameter of the last quadrupole, otherwise it is too close to the end point of measurement which could cause trouble.
exception: D4 value should be more than 3/2 of diameter of the last quadrupole, otherwise it is too close to the end point of measurement which could cause trouble.
[-0.025  0.1  ] 2.3048044999999995
[-0.025 -0.025] 1.3520980371900826
[0.025 0.048] 0.40016219679752074
[0.01373698 0.03717018] 0.1802815743801653
[0.05625 0.048  ] 1.3330708801652893
[0.025   0.07925] 1.5357953078512394
[0.025      0.04409375] 0.31022986082644627
[0.02109375 0.048     ] 0.3637183950349173
[0.025      0.04751172] 0.3882930420661157
[0.02548828 0.048     ] 0.4059877968801653
[0.025   0.04795] 0.39890848768595033
[0.02505 0.048  ] 0.4007323393595042
[0.025 0.048] 0.40016219679752074
[0.1 0.1] 12.63138201859504
[0.24463046 0.1       ] 63.636818537208484
[0.38036954 0.1       ] 149.66166611660304
[0.16073909 0.1       ] 28.9413779214876
[0.10889137 0.1       ] 14.55696837190083
[0.07684772 0.1       ] 8.361953099173554
[0.05704365 0.1       ] 5.562538347107438
[0.04480407 0.1       ] 4.225812481404958
[0.03723959 0.1       ] 3.549546913223141
[0.03256448 0.1       ] 3.189269530991736
[0.02967511 0.1       ] 2.988245621900826
[0.02788937 0.1       ] 2.872449729338843
[0.02678573 0.1       ] 2.8042608698347107
[0.02610364 0.1       ] 2.763206967128099
[0.02568209 0.1       ] 2.738217869028926
[0.02542155 0.1       ] 2.7230737915082646
[0.02526053 0.1       ] 2.7137541442355375
[0.02516102 0.1       ] 2.7080652948140496
[0.02509952 0.1       ] 2.7044750552892562
[0.0250615 0.1      ] 2.7022288208471075
[0.0250615  0.25884524] 22.43399710950413
[0.0250615  0.38915476] 52.91556416537061
[0.0250615  0.17830952] 10.038097745867768
[0.0250615  0.12853571] 4.8366694731404944
[0.0250615  0.09777381] 2.561762481735537
[0.0250615  0.07876191] 1.5145650583677683
[0.0250615 0.0670119] 1.0044400503305786
[0.0250615 0.05975  ] 0.7415304580371901
[0.0250615 0.0552619] 0.599037541838843
[0.0250615 0.0524881] 0.5186260915082643
[0.0250615 0.0507738] 0.4718275438223141
[0.0250615 0.0497143] 0.444046664483471
[0.0250615 0.0490595] 0.427317624483471
[0.0250615  0.04865481] 0.41711726446280994
[0.0250615  0.04840469] 0.41085446694214883
[0.0250615  0.04825011] 0.4070435663016529
[0.0250615  0.04815458] 0.40469396247933886
[0.0250615  0.04809553] 0.4031950955578512
[0.0250615  0.04805904] 0.40235011082644634
[0.025      0.04801641] 0.4005229695247933
[0.38036954 0.29432819] 679.5000939223908
[0.24463046 0.20024546] 168.6641798662189
[0.16073909 0.14209914] 48.270316537190084
[0.13499548 0.12425587] 29.249877721074377
[0.09298094 0.09513499] 10.341031539256196
[0.06118984 0.07310012] 3.349080661157025
[0.0418161 0.0596719] 1.2517949607438017
[0.02670538 0.04919844] 0.4528327810123967
[0.03247716 0.05319894] 0.6837096471280991
[0.02891    0.05072649] 0.5309463491735537
[0.02754747 0.0497821 ] 0.4812737971900827
[0.02605398 0.04874694] 0.43201481950413223
[0.0256514  0.04846791] 0.4196958388429753
[0.02540259 0.04829545] 0.4122623985330579
[0.02524881 0.04818887] 0.407737694214876
[0.02515377 0.048123  ] 0.40496635663223146
[0.02509504 0.04808229] 0.403315951838843
[0.02505874 0.04805713] 0.40227454092975207
[0.0250363  0.04804158] 0.40161514123966946
[0.02502244 0.04803196] 0.401239301322314
[0.02501387 0.04802603] 0.40095682935950416
[0.02500857 0.04802235] 0.4008084756404958
[0.0250053  0.04802009] 0.40072990415289256
[0.0250028  0.04801835] 0.40065466330578514
[0.0250028  0.25884524] 22.409926851239668
[0.0250028  0.38915476] 52.86818213333706
[0.0250028  0.17830952] 10.027463557851238
[0.0250028  0.12853571] 4.831133663223142
[0.0250028  0.09777381] 2.558527829359504
[0.0250028  0.07876191] 1.5125243904958676
[0.0250028 0.0670119] 1.003025645123967
[0.0250028 0.05975  ] 0.7404409921694214
[0.0250028 0.0552619] 0.5980864414049586
[0.0250028 0.0524881] 0.5177584297520661
[0.0250028 0.0507738] 0.4710714459504133
[0.0250028 0.0497143] 0.44332067148760335
[0.0250028 0.0490595] 0.42655158902892565
[0.0250028  0.04865481] 0.4164211456404958
[0.0250028  0.04840469] 0.4101625880371901
[0.0250028  0.04825011] 0.406357944214876
[0.0250028  0.04815458] 0.4039552228099173
[0.0250028  0.04809553] 0.40251238861570254
[0.0250028  0.04805904] 0.40167056
[0.38036954 0.29436888] 679.6664744414879
[0.24463046 0.20028615] 168.72118194893505
[0.16073909 0.14213983] 48.29164248140495
[0.13498648 0.12429033] 29.259102737603307
[0.09297538 0.09517183] 10.346471016528923
[0.06117888 0.07313321] 3.3509171177685952
[0.04180254 0.05970319] 1.2527081508264464
